2019-03-28 10:52:24.740  INFO 8340 --- [main] com.example.xsdPro.XsdProApplication     : Starting XsdProApplication on USER-20181216GV with PID 8340 (D:\xsdPro\target\classes started by Administrator in D:\xsdPro)
2019-03-28 10:52:24.740  INFO 8340 --- [main] com.example.xsdPro.XsdProApplication     : No active profile set, falling back to default profiles: default
2019-03-28 10:52:24.910  INFO 8340 --- [main] ationConfigEmbeddedWebApplicationContext : Refreshing org.springframework.boot.context.embedded.AnnotationConfigEmbeddedWebApplicationContext@1b3ecccf: startup date [Thu Mar 28 10:52:24 CST 2019]; root of context hierarchy
2019-03-28 10:52:25.330  WARN 8340 --- [main] o.m.s.mapper.ClassPathMapperScanner      : No MyBatis mapper was found in '[com.demo.dao]' package. Please check your configuration.
2019-03-28 10:52:25.400  WARN 8340 --- [main] o.m.s.mapper.ClassPathMapperScanner      : No MyBatis mapper was found in '[com.example.xsdPro]' package. Please check your configuration.
2019-03-28 10:52:25.580  INFO 8340 --- [main] f.a.AutowiredAnnotationBeanPostProcessor : JSR-330 'javax.inject.Inject' annotation found and supported for autowiring
2019-03-28 10:52:25.921  INFO 8340 --- [main] s.b.c.e.t.TomcatEmbeddedServletContainer : Tomcat initialized with port(s): 8080 (http)
2019-03-28 10:52:25.941  INFO 8340 --- [main] o.apache.catalina.core.StandardService   : Starting service [Tomcat]
2019-03-28 10:52:25.941  INFO 8340 --- [main] org.apache.catalina.core.StandardEngine  : Starting Servlet Engine: Apache Tomcat/8.5.37
2019-03-28 10:52:26.021  INFO 8340 --- [localhost-startStop-1] o.a.c.c.C.[Tomcat].[localhost].[/]       : Initializing Spring embedded WebApplicationContext
2019-03-28 10:52:26.021  INFO 8340 --- [localhost-startStop-1] o.s.web.context.ContextLoader            : Root WebApplicationContext: initialization completed in 1111 ms
2019-03-28 10:52:26.121  INFO 8340 --- [localhost-startStop-1] o.s.b.w.servlet.ServletRegistrationBean  : Mapping servlet: 'dispatcherServlet' to [/]
2019-03-28 10:52:26.121  INFO 8340 --- [localhost-startStop-1] o.s.b.w.servlet.FilterRegistrationBean   : Mapping filter: 'characterEncodingFilter' to: [/*]
2019-03-28 10:52:26.121  INFO 8340 --- [localhost-startStop-1] o.s.b.w.servlet.FilterRegistrationBean   : Mapping filter: 'hiddenHttpMethodFilter' to: [/*]
2019-03-28 10:52:26.121  INFO 8340 --- [localhost-startStop-1] o.s.b.w.servlet.FilterRegistrationBean   : Mapping filter: 'httpPutFormContentFilter' to: [/*]
2019-03-28 10:52:26.121  INFO 8340 --- [localhost-startStop-1] o.s.b.w.servlet.FilterRegistrationBean   : Mapping filter: 'requestContextFilter' to: [/*]
2019-03-28 10:52:26.401  INFO 8340 --- [main] s.w.s.m.m.a.RequestMappingHandlerAdapter : Looking for @ControllerAdvice: org.springframework.boot.context.embedded.AnnotationConfigEmbeddedWebApplicationContext@1b3ecccf: startup date [Thu Mar 28 10:52:24 CST 2019]; root of context hierarchy
2019-03-28 10:52:26.451  INFO 8340 --- [main] s.w.s.m.m.a.RequestMappingHandlerMapping : Mapped "{[/error]}" onto public org.springframework.http.ResponseEntity<java.util.Map<java.lang.String, java.lang.Object>> org.springframework.boot.autoconfigure.web.BasicErrorController.error(javax.servlet.http.HttpServletRequest)
2019-03-28 10:52:26.451  INFO 8340 --- [main] s.w.s.m.m.a.RequestMappingHandlerMapping : Mapped "{[/error],produces=[text/html]}" onto public org.springframework.web.servlet.ModelAndView org.springframework.boot.autoconfigure.web.BasicErrorController.errorHtml(javax.servlet.http.HttpServletRequest,javax.servlet.http.HttpServletResponse)
2019-03-28 10:52:26.471  INFO 8340 --- [main] o.s.w.s.handler.SimpleUrlHandlerMapping  : Mapped URL path [/webjars/**] onto handler of type [class org.springframework.web.servlet.resource.ResourceHttpRequestHandler]
2019-03-28 10:52:26.471  INFO 8340 --- [main] o.s.w.s.handler.SimpleUrlHandlerMapping  : Mapped URL path [/**] onto handler of type [class org.springframework.web.servlet.resource.ResourceHttpRequestHandler]
2019-03-28 10:52:26.501  INFO 8340 --- [main] o.s.w.s.handler.SimpleUrlHandlerMapping  : Mapped URL path [/**/favicon.ico] onto handler of type [class org.springframework.web.servlet.resource.ResourceHttpRequestHandler]
2019-03-28 10:52:26.521  WARN 8340 --- [main] .t.AbstractTemplateResolverConfiguration : Cannot find template location: classpath:/templates/ (please add some templates or check your Thymeleaf configuration)
2019-03-28 10:52:26.731  WARN 8340 --- [main] ationConfigEmbeddedWebApplicationContext : Exception encountered during context initialization - cancelling refresh attempt: org.springframework.beans.factory.BeanCreationException: Error creating bean with name 'dataSource' defined in class path resource [org/springframework/boot/autoconfigure/jdbc/DataSourceConfiguration$Tomcat.class]: Bean instantiation via factory method failed; nested exception is org.springframework.beans.BeanInstantiationException: Failed to instantiate [org.apache.tomcat.jdbc.pool.DataSource]: Factory method 'dataSource' threw exception; nested exception is org.springframework.boot.autoconfigure.jdbc.DataSourceProperties$DataSourceBeanCreationException: Cannot determine embedded database driver class for database type NONE. If you want an embedded database please put a supported one on the classpath. If you have database settings to be loaded from a particular profile you may need to active it (no profiles are currently active).
2019-03-28 10:52:26.741  INFO 8340 --- [main] o.apache.catalina.core.StandardService   : Stopping service [Tomcat]
2019-03-28 10:52:26.751  INFO 8340 --- [main] utoConfigurationReportLoggingInitializer : 

Error starting ApplicationContext. To display the auto-configuration report re-run your application with 'debug' enabled.
2019-03-28 10:52:26.761 ERROR 8340 --- [main] o.s.b.d.LoggingFailureAnalysisReporter   : 

***************************
APPLICATION FAILED TO START
***************************

Description:

Cannot determine embedded database driver class for database type NONE

Action:

If you want an embedded database please put a supported one on the classpath. If you have database settings to be loaded from a particular profile you may need to active it (no profiles are currently active).

2019-03-28 10:55:03.522  INFO 8852 --- [main] com.example.xsdPro.XsdProApplication     : Starting XsdProApplication on USER-20181216GV with PID 8852 (D:\xsdPro\target\classes started by Administrator in D:\xsdPro)
2019-03-28 10:55:03.522  INFO 8852 --- [main] com.example.xsdPro.XsdProApplication     : No active profile set, falling back to default profiles: default
2019-03-28 10:55:03.692  INFO 8852 --- [main] ationConfigEmbeddedWebApplicationContext : Refreshing org.springframework.boot.context.embedded.AnnotationConfigEmbeddedWebApplicationContext@13db844a: startup date [Thu Mar 28 10:55:03 CST 2019]; root of context hierarchy
2019-03-28 10:55:04.112  WARN 8852 --- [main] o.m.s.mapper.ClassPathMapperScanner      : No MyBatis mapper was found in '[com.demo.dao]' package. Please check your configuration.
2019-03-28 10:55:04.182  WARN 8852 --- [main] o.m.s.mapper.ClassPathMapperScanner      : No MyBatis mapper was found in '[com.example.xsdPro]' package. Please check your configuration.
2019-03-28 10:55:04.352  INFO 8852 --- [main] f.a.AutowiredAnnotationBeanPostProcessor : JSR-330 'javax.inject.Inject' annotation found and supported for autowiring
2019-03-28 10:55:04.692  INFO 8852 --- [main] s.b.c.e.t.TomcatEmbeddedServletContainer : Tomcat initialized with port(s): 8080 (http)
2019-03-28 10:55:04.712  INFO 8852 --- [main] o.apache.catalina.core.StandardService   : Starting service [Tomcat]
2019-03-28 10:55:04.712  INFO 8852 --- [main] org.apache.catalina.core.StandardEngine  : Starting Servlet Engine: Apache Tomcat/8.5.37
2019-03-28 10:55:04.792  INFO 8852 --- [localhost-startStop-1] o.a.c.c.C.[Tomcat].[localhost].[/]       : Initializing Spring embedded WebApplicationContext
2019-03-28 10:55:04.792  INFO 8852 --- [localhost-startStop-1] o.s.web.context.ContextLoader            : Root WebApplicationContext: initialization completed in 1100 ms
2019-03-28 10:55:04.912  INFO 8852 --- [localhost-startStop-1] o.s.b.w.servlet.ServletRegistrationBean  : Mapping servlet: 'dispatcherServlet' to [/]
2019-03-28 10:55:04.922  INFO 8852 --- [localhost-startStop-1] o.s.b.w.servlet.FilterRegistrationBean   : Mapping filter: 'characterEncodingFilter' to: [/*]
2019-03-28 10:55:04.922  INFO 8852 --- [localhost-startStop-1] o.s.b.w.servlet.FilterRegistrationBean   : Mapping filter: 'hiddenHttpMethodFilter' to: [/*]
2019-03-28 10:55:04.922  INFO 8852 --- [localhost-startStop-1] o.s.b.w.servlet.FilterRegistrationBean   : Mapping filter: 'httpPutFormContentFilter' to: [/*]
2019-03-28 10:55:04.922  INFO 8852 --- [localhost-startStop-1] o.s.b.w.servlet.FilterRegistrationBean   : Mapping filter: 'requestContextFilter' to: [/*]
2019-03-28 10:55:05.162  INFO 8852 --- [main] s.w.s.m.m.a.RequestMappingHandlerAdapter : Looking for @ControllerAdvice: org.springframework.boot.context.embedded.AnnotationConfigEmbeddedWebApplicationContext@13db844a: startup date [Thu Mar 28 10:55:03 CST 2019]; root of context hierarchy
2019-03-28 10:55:05.222  INFO 8852 --- [main] s.w.s.m.m.a.RequestMappingHandlerMapping : Mapped "{[/error]}" onto public org.springframework.http.ResponseEntity<java.util.Map<java.lang.String, java.lang.Object>> org.springframework.boot.autoconfigure.web.BasicErrorController.error(javax.servlet.http.HttpServletRequest)
2019-03-28 10:55:05.222  INFO 8852 --- [main] s.w.s.m.m.a.RequestMappingHandlerMapping : Mapped "{[/error],produces=[text/html]}" onto public org.springframework.web.servlet.ModelAndView org.springframework.boot.autoconfigure.web.BasicErrorController.errorHtml(javax.servlet.http.HttpServletRequest,javax.servlet.http.HttpServletResponse)
2019-03-28 10:55:05.242  INFO 8852 --- [main] o.s.w.s.handler.SimpleUrlHandlerMapping  : Mapped URL path [/webjars/**] onto handler of type [class org.springframework.web.servlet.resource.ResourceHttpRequestHandler]
2019-03-28 10:55:05.242  INFO 8852 --- [main] o.s.w.s.handler.SimpleUrlHandlerMapping  : Mapped URL path [/**] onto handler of type [class org.springframework.web.servlet.resource.ResourceHttpRequestHandler]
2019-03-28 10:55:05.272  INFO 8852 --- [main] o.s.w.s.handler.SimpleUrlHandlerMapping  : Mapped URL path [/**/favicon.ico] onto handler of type [class org.springframework.web.servlet.resource.ResourceHttpRequestHandler]
2019-03-28 10:55:05.302  WARN 8852 --- [main] .t.AbstractTemplateResolverConfiguration : Cannot find template location: classpath:/templates/ (please add some templates or check your Thymeleaf configuration)
2019-03-28 10:55:05.892  INFO 8852 --- [main] o.s.j.e.a.AnnotationMBeanExporter        : Registering beans for JMX exposure on startup
2019-03-28 10:55:05.922  INFO 8852 --- [main] s.b.c.e.t.TomcatEmbeddedServletContainer : Tomcat started on port(s): 8080 (http)
2019-03-28 10:55:05.932  INFO 8852 --- [main] com.example.xsdPro.XsdProApplication     : Started XsdProApplication in 2.64 seconds (JVM running for 4.932)
2019-03-28 11:02:54.166  INFO 5232 --- [main] com.example.xsdPro.XsdProApplication     : Starting XsdProApplication on USER-20181216GV with PID 5232 (D:\xsdPro\target\classes started by Administrator in D:\xsdPro)
2019-03-28 11:02:54.166  INFO 5232 --- [main] com.example.xsdPro.XsdProApplication     : No active profile set, falling back to default profiles: default
2019-03-28 11:02:54.346  INFO 5232 --- [main] ationConfigEmbeddedWebApplicationContext : Refreshing org.springframework.boot.context.embedded.AnnotationConfigEmbeddedWebApplicationContext@1e046564: startup date [Thu Mar 28 11:02:54 CST 2019]; root of context hierarchy
2019-03-28 11:02:54.696  WARN 5232 --- [main] o.m.s.mapper.ClassPathMapperScanner      : No MyBatis mapper was found in '[com.demo.dao]' package. Please check your configuration.
2019-03-28 11:02:54.766  WARN 5232 --- [main] o.m.s.mapper.ClassPathMapperScanner      : No MyBatis mapper was found in '[com.example.xsdPro]' package. Please check your configuration.
2019-03-28 11:02:54.936  INFO 5232 --- [main] f.a.AutowiredAnnotationBeanPostProcessor : JSR-330 'javax.inject.Inject' annotation found and supported for autowiring
2019-03-28 11:02:55.276  INFO 5232 --- [main] s.b.c.e.t.TomcatEmbeddedServletContainer : Tomcat initialized with port(s): 8080 (http)
2019-03-28 11:02:55.306  INFO 5232 --- [main] o.apache.catalina.core.StandardService   : Starting service [Tomcat]
2019-03-28 11:02:55.306  INFO 5232 --- [main] org.apache.catalina.core.StandardEngine  : Starting Servlet Engine: Apache Tomcat/8.5.37
2019-03-28 11:02:55.376  INFO 5232 --- [localhost-startStop-1] o.a.c.c.C.[Tomcat].[localhost].[/]       : Initializing Spring embedded WebApplicationContext
2019-03-28 11:02:55.376  INFO 5232 --- [localhost-startStop-1] o.s.web.context.ContextLoader            : Root WebApplicationContext: initialization completed in 1030 ms
2019-03-28 11:02:55.486  INFO 5232 --- [localhost-startStop-1] o.s.b.w.servlet.ServletRegistrationBean  : Mapping servlet: 'dispatcherServlet' to [/]
2019-03-28 11:02:55.486  INFO 5232 --- [localhost-startStop-1] o.s.b.w.servlet.FilterRegistrationBean   : Mapping filter: 'characterEncodingFilter' to: [/*]
2019-03-28 11:02:55.486  INFO 5232 --- [localhost-startStop-1] o.s.b.w.servlet.FilterRegistrationBean   : Mapping filter: 'hiddenHttpMethodFilter' to: [/*]
2019-03-28 11:02:55.486  INFO 5232 --- [localhost-startStop-1] o.s.b.w.servlet.FilterRegistrationBean   : Mapping filter: 'httpPutFormContentFilter' to: [/*]
2019-03-28 11:02:55.486  INFO 5232 --- [localhost-startStop-1] o.s.b.w.servlet.FilterRegistrationBean   : Mapping filter: 'requestContextFilter' to: [/*]
2019-03-28 11:02:55.806  INFO 5232 --- [main] s.w.s.m.m.a.RequestMappingHandlerAdapter : Looking for @ControllerAdvice: org.springframework.boot.context.embedded.AnnotationConfigEmbeddedWebApplicationContext@1e046564: startup date [Thu Mar 28 11:02:54 CST 2019]; root of context hierarchy
2019-03-28 11:02:55.856  INFO 5232 --- [main] s.w.s.m.m.a.RequestMappingHandlerMapping : Mapped "{[/error]}" onto public org.springframework.http.ResponseEntity<java.util.Map<java.lang.String, java.lang.Object>> org.springframework.boot.autoconfigure.web.BasicErrorController.error(javax.servlet.http.HttpServletRequest)
2019-03-28 11:02:55.856  INFO 5232 --- [main] s.w.s.m.m.a.RequestMappingHandlerMapping : Mapped "{[/error],produces=[text/html]}" onto public org.springframework.web.servlet.ModelAndView org.springframework.boot.autoconfigure.web.BasicErrorController.errorHtml(javax.servlet.http.HttpServletRequest,javax.servlet.http.HttpServletResponse)
2019-03-28 11:02:55.876  INFO 5232 --- [main] o.s.w.s.handler.SimpleUrlHandlerMapping  : Mapped URL path [/webjars/**] onto handler of type [class org.springframework.web.servlet.resource.ResourceHttpRequestHandler]
2019-03-28 11:02:55.876  INFO 5232 --- [main] o.s.w.s.handler.SimpleUrlHandlerMapping  : Mapped URL path [/**] onto handler of type [class org.springframework.web.servlet.resource.ResourceHttpRequestHandler]
2019-03-28 11:02:55.896  INFO 5232 --- [main] o.s.w.s.handler.SimpleUrlHandlerMapping  : Mapped URL path [/**/favicon.ico] onto handler of type [class org.springframework.web.servlet.resource.ResourceHttpRequestHandler]
2019-03-28 11:02:55.926  WARN 5232 --- [main] .t.AbstractTemplateResolverConfiguration : Cannot find template location: classpath:/templates/ (please add some templates or check your Thymeleaf configuration)
2019-03-28 11:02:56.466  INFO 5232 --- [main] o.s.j.e.a.AnnotationMBeanExporter        : Registering beans for JMX exposure on startup
2019-03-28 11:02:56.496  INFO 5232 --- [main] s.b.c.e.t.TomcatEmbeddedServletContainer : Tomcat started on port(s): 8080 (http)
2019-03-28 11:02:56.496  INFO 5232 --- [main] com.example.xsdPro.XsdProApplication     : Started XsdProApplication in 2.58 seconds (JVM running for 5.168)
2019-03-28 11:07:00.150  INFO 8668 --- [main] com.example.xsdPro.XsdProApplication     : Starting XsdProApplication on USER-20181216GV with PID 8668 (D:\xsdPro\target\classes started by Administrator in D:\xsdPro)
2019-03-28 11:07:00.150  INFO 8668 --- [main] com.example.xsdPro.XsdProApplication     : No active profile set, falling back to default profiles: default
2019-03-28 11:07:00.430  INFO 8668 --- [main] ationConfigEmbeddedWebApplicationContext : Refreshing org.springframework.boot.context.embedded.AnnotationConfigEmbeddedWebApplicationContext@7f9d18b2: startup date [Thu Mar 28 11:07:00 CST 2019]; root of context hierarchy
2019-03-28 11:07:00.710  WARN 8668 --- [main] o.m.s.mapper.ClassPathMapperScanner      : No MyBatis mapper was found in '[com.demo.dao]' package. Please check your configuration.
2019-03-28 11:07:00.790  WARN 8668 --- [main] o.m.s.mapper.ClassPathMapperScanner      : No MyBatis mapper was found in '[com.example.xsdPro]' package. Please check your configuration.
2019-03-28 11:07:01.000  INFO 8668 --- [main] f.a.AutowiredAnnotationBeanPostProcessor : JSR-330 'javax.inject.Inject' annotation found and supported for autowiring
2019-03-28 11:07:01.430  INFO 8668 --- [main] s.b.c.e.t.TomcatEmbeddedServletContainer : Tomcat initialized with port(s): 8080 (http)
2019-03-28 11:07:01.460  INFO 8668 --- [main] o.apache.catalina.core.StandardService   : Starting service [Tomcat]
2019-03-28 11:07:01.460  INFO 8668 --- [main] org.apache.catalina.core.StandardEngine  : Starting Servlet Engine: Apache Tomcat/8.5.37
2019-03-28 11:07:01.540  INFO 8668 --- [localhost-startStop-1] o.a.c.c.C.[Tomcat].[localhost].[/]       : Initializing Spring embedded WebApplicationContext
2019-03-28 11:07:01.550  INFO 8668 --- [localhost-startStop-1] o.s.web.context.ContextLoader            : Root WebApplicationContext: initialization completed in 1120 ms
2019-03-28 11:07:01.670  INFO 8668 --- [localhost-startStop-1] o.s.b.w.servlet.ServletRegistrationBean  : Mapping servlet: 'dispatcherServlet' to [/]
2019-03-28 11:07:01.680  INFO 8668 --- [localhost-startStop-1] o.s.b.w.servlet.FilterRegistrationBean   : Mapping filter: 'characterEncodingFilter' to: [/*]
2019-03-28 11:07:01.680  INFO 8668 --- [localhost-startStop-1] o.s.b.w.servlet.FilterRegistrationBean   : Mapping filter: 'hiddenHttpMethodFilter' to: [/*]
2019-03-28 11:07:01.680  INFO 8668 --- [localhost-startStop-1] o.s.b.w.servlet.FilterRegistrationBean   : Mapping filter: 'httpPutFormContentFilter' to: [/*]
2019-03-28 11:07:01.680  INFO 8668 --- [localhost-startStop-1] o.s.b.w.servlet.FilterRegistrationBean   : Mapping filter: 'requestContextFilter' to: [/*]
2019-03-28 11:07:01.910  INFO 8668 --- [main] s.w.s.m.m.a.RequestMappingHandlerAdapter : Looking for @ControllerAdvice: org.springframework.boot.context.embedded.AnnotationConfigEmbeddedWebApplicationContext@7f9d18b2: startup date [Thu Mar 28 11:07:00 CST 2019]; root of context hierarchy
2019-03-28 11:07:01.970  INFO 8668 --- [main] s.w.s.m.m.a.RequestMappingHandlerMapping : Mapped "{[/error]}" onto public org.springframework.http.ResponseEntity<java.util.Map<java.lang.String, java.lang.Object>> org.springframework.boot.autoconfigure.web.BasicErrorController.error(javax.servlet.http.HttpServletRequest)
2019-03-28 11:07:01.970  INFO 8668 --- [main] s.w.s.m.m.a.RequestMappingHandlerMapping : Mapped "{[/error],produces=[text/html]}" onto public org.springframework.web.servlet.ModelAndView org.springframework.boot.autoconfigure.web.BasicErrorController.errorHtml(javax.servlet.http.HttpServletRequest,javax.servlet.http.HttpServletResponse)
2019-03-28 11:07:01.990  INFO 8668 --- [main] o.s.w.s.handler.SimpleUrlHandlerMapping  : Mapped URL path [/webjars/**] onto handler of type [class org.springframework.web.servlet.resource.ResourceHttpRequestHandler]
2019-03-28 11:07:01.990  INFO 8668 --- [main] o.s.w.s.handler.SimpleUrlHandlerMapping  : Mapped URL path [/**] onto handler of type [class org.springframework.web.servlet.resource.ResourceHttpRequestHandler]
2019-03-28 11:07:02.020  INFO 8668 --- [main] o.s.w.s.handler.SimpleUrlHandlerMapping  : Mapped URL path [/**/favicon.ico] onto handler of type [class org.springframework.web.servlet.resource.ResourceHttpRequestHandler]
2019-03-28 11:07:02.040  WARN 8668 --- [main] .t.AbstractTemplateResolverConfiguration : Cannot find template location: classpath:/templates/ (please add some templates or check your Thymeleaf configuration)
2019-03-28 11:07:02.840  INFO 8668 --- [main] o.s.j.e.a.AnnotationMBeanExporter        : Registering beans for JMX exposure on startup
2019-03-28 11:07:02.870  INFO 8668 --- [main] s.b.c.e.t.TomcatEmbeddedServletContainer : Tomcat started on port(s): 8080 (http)
2019-03-28 11:07:02.870  INFO 8668 --- [main] com.example.xsdPro.XsdProApplication     : Started XsdProApplication in 3.03 seconds (JVM running for 6.668)
2019-03-28 13:53:31.109  INFO 10312 --- [main] com.example.xsdPro.XsdProApplication     : Starting XsdProApplication on USER-20181216GV with PID 10312 (D:\xsdPro\target\classes started by Administrator in D:\xsdPro)
2019-03-28 13:53:31.111  INFO 10312 --- [main] com.example.xsdPro.XsdProApplication     : No active profile set, falling back to default profiles: default
2019-03-28 13:53:31.320  INFO 10312 --- [main] ationConfigEmbeddedWebApplicationContext : Refreshing org.springframework.boot.context.embedded.AnnotationConfigEmbeddedWebApplicationContext@26439867: startup date [Thu Mar 28 13:53:31 CST 2019]; root of context hierarchy
2019-03-28 13:53:31.577  WARN 10312 --- [main] o.m.s.mapper.ClassPathMapperScanner      : No MyBatis mapper was found in '[com.demo.dao]' package. Please check your configuration.
2019-03-28 13:53:31.673  WARN 10312 --- [main] o.m.s.mapper.ClassPathMapperScanner      : No MyBatis mapper was found in '[com.example.xsdPro]' package. Please check your configuration.
2019-03-28 13:53:31.883  INFO 10312 --- [main] f.a.AutowiredAnnotationBeanPostProcessor : JSR-330 'javax.inject.Inject' annotation found and supported for autowiring
2019-03-28 13:53:32.351  INFO 10312 --- [main] s.b.c.e.t.TomcatEmbeddedServletContainer : Tomcat initialized with port(s): 8080 (http)
2019-03-28 13:53:32.377  INFO 10312 --- [main] o.apache.catalina.core.StandardService   : Starting service [Tomcat]
2019-03-28 13:53:32.377  INFO 10312 --- [main] org.apache.catalina.core.StandardEngine  : Starting Servlet Engine: Apache Tomcat/8.5.37
2019-03-28 13:53:32.456  INFO 10312 --- [localhost-startStop-1] o.a.c.c.C.[Tomcat].[localhost].[/]       : Initializing Spring embedded WebApplicationContext
2019-03-28 13:53:32.457  INFO 10312 --- [localhost-startStop-1] o.s.web.context.ContextLoader            : Root WebApplicationContext: initialization completed in 1137 ms
2019-03-28 13:53:32.562  INFO 10312 --- [localhost-startStop-1] o.s.b.w.servlet.ServletRegistrationBean  : Mapping servlet: 'dispatcherServlet' to [/]
2019-03-28 13:53:32.566  INFO 10312 --- [localhost-startStop-1] o.s.b.w.servlet.FilterRegistrationBean   : Mapping filter: 'characterEncodingFilter' to: [/*]
2019-03-28 13:53:32.566  INFO 10312 --- [localhost-startStop-1] o.s.b.w.servlet.FilterRegistrationBean   : Mapping filter: 'hiddenHttpMethodFilter' to: [/*]
2019-03-28 13:53:32.566  INFO 10312 --- [localhost-startStop-1] o.s.b.w.servlet.FilterRegistrationBean   : Mapping filter: 'httpPutFormContentFilter' to: [/*]
2019-03-28 13:53:32.566  INFO 10312 --- [localhost-startStop-1] o.s.b.w.servlet.FilterRegistrationBean   : Mapping filter: 'requestContextFilter' to: [/*]
2019-03-28 13:53:32.806  INFO 10312 --- [main] s.w.s.m.m.a.RequestMappingHandlerAdapter : Looking for @ControllerAdvice: org.springframework.boot.context.embedded.AnnotationConfigEmbeddedWebApplicationContext@26439867: startup date [Thu Mar 28 13:53:31 CST 2019]; root of context hierarchy
2019-03-28 13:53:32.867  INFO 10312 --- [main] s.w.s.m.m.a.RequestMappingHandlerMapping : Mapped "{[/error]}" onto public org.springframework.http.ResponseEntity<java.util.Map<java.lang.String, java.lang.Object>> org.springframework.boot.autoconfigure.web.BasicErrorController.error(javax.servlet.http.HttpServletRequest)
2019-03-28 13:53:32.868  INFO 10312 --- [main] s.w.s.m.m.a.RequestMappingHandlerMapping : Mapped "{[/error],produces=[text/html]}" onto public org.springframework.web.servlet.ModelAndView org.springframework.boot.autoconfigure.web.BasicErrorController.errorHtml(javax.servlet.http.HttpServletRequest,javax.servlet.http.HttpServletResponse)
2019-03-28 13:53:32.890  INFO 10312 --- [main] o.s.w.s.handler.SimpleUrlHandlerMapping  : Mapped URL path [/webjars/**] onto handler of type [class org.springframework.web.servlet.resource.ResourceHttpRequestHandler]
2019-03-28 13:53:32.890  INFO 10312 --- [main] o.s.w.s.handler.SimpleUrlHandlerMapping  : Mapped URL path [/**] onto handler of type [class org.springframework.web.servlet.resource.ResourceHttpRequestHandler]
2019-03-28 13:53:32.918  INFO 10312 --- [main] o.s.w.s.handler.SimpleUrlHandlerMapping  : Mapped URL path [/**/favicon.ico] onto handler of type [class org.springframework.web.servlet.resource.ResourceHttpRequestHandler]
2019-03-28 13:53:32.943  WARN 10312 --- [main] .t.AbstractTemplateResolverConfiguration : Cannot find template location: classpath:/templates/ (please add some templates or check your Thymeleaf configuration)
2019-03-28 13:53:33.715  INFO 10312 --- [main] o.s.j.e.a.AnnotationMBeanExporter        : Registering beans for JMX exposure on startup
2019-03-28 13:53:33.745  INFO 10312 --- [main] s.b.c.e.t.TomcatEmbeddedServletContainer : Tomcat started on port(s): 8080 (http)
2019-03-28 13:53:33.749  INFO 10312 --- [main] com.example.xsdPro.XsdProApplication     : Started XsdProApplication in 3.005 seconds (JVM running for 6.542)
2019-03-28 14:45:46.706  INFO 10176 --- [main] com.example.xsdPro.XsdProApplication     : Starting XsdProApplication on USER-20181216GV with PID 10176 (D:\xsdPro\target\classes started by Administrator in D:\xsdPro)
2019-03-28 14:45:46.708  INFO 10176 --- [main] com.example.xsdPro.XsdProApplication     : No active profile set, falling back to default profiles: default
2019-03-28 14:45:46.975  INFO 10176 --- [main] ationConfigEmbeddedWebApplicationContext : Refreshing org.springframework.boot.context.embedded.AnnotationConfigEmbeddedWebApplicationContext@239022f3: startup date [Thu Mar 28 14:45:46 CST 2019]; root of context hierarchy
2019-03-28 14:45:47.266  WARN 10176 --- [main] o.m.s.mapper.ClassPathMapperScanner      : No MyBatis mapper was found in '[com.demo.dao]' package. Please check your configuration.
2019-03-28 14:45:47.360  WARN 10176 --- [main] o.m.s.mapper.ClassPathMapperScanner      : No MyBatis mapper was found in '[com.example.xsdPro]' package. Please check your configuration.
2019-03-28 14:45:47.384  INFO 10176 --- [main] .s.d.r.c.RepositoryConfigurationDelegate : Multiple Spring Data modules found, entering strict repository configuration mode!
2019-03-28 14:45:47.617  INFO 10176 --- [main] f.a.AutowiredAnnotationBeanPostProcessor : JSR-330 'javax.inject.Inject' annotation found and supported for autowiring
2019-03-28 14:45:47.713  WARN 10176 --- [main] ationConfigEmbeddedWebApplicationContext : Exception encountered during context initialization - cancelling refresh attempt: org.springframework.beans.factory.BeanCreationException: Error creating bean with name 'projectingArgumentResolverBeanPostProcessor' defined in class path resource [org/springframework/data/web/config/ProjectingArgumentResolverRegistrar.class]: Initialization of bean failed; nested exception is org.springframework.beans.factory.UnsatisfiedDependencyException: Error creating bean with name 'org.springframework.cache.annotation.ProxyCachingConfiguration': Unsatisfied dependency expressed through method 'setConfigurers' parameter 0; nested exception is org.springframework.beans.factory.BeanCreationException: Error creating bean with name 'redisConfig': Injection of autowired dependencies failed; nested exception is java.lang.IllegalArgumentException: Could not resolve placeholder 'spring.redis.timeout' in value "${spring.redis.timeout}"
2019-03-28 14:45:47.717  INFO 10176 --- [main] utoConfigurationReportLoggingInitializer : 

Error starting ApplicationContext. To display the auto-configuration report re-run your application with 'debug' enabled.
2019-03-28 14:45:47.722 ERROR 10176 --- [main] o.s.boot.SpringApplication               : Application startup failed

org.springframework.beans.factory.BeanCreationException: Error creating bean with name 'projectingArgumentResolverBeanPostProcessor' defined in class path resource [org/springframework/data/web/config/ProjectingArgumentResolverRegistrar.class]: Initialization of bean failed; nested exception is org.springframework.beans.factory.UnsatisfiedDependencyException: Error creating bean with name 'org.springframework.cache.annotation.ProxyCachingConfiguration': Unsatisfied dependency expressed through method 'setConfigurers' parameter 0; nested exception is org.springframework.beans.factory.BeanCreationException: Error creating bean with name 'redisConfig': Injection of autowired dependencies failed; nested exception is java.lang.IllegalArgumentException: Could not resolve placeholder 'spring.redis.timeout' in value "${spring.redis.timeout}"
	at org.springframework.beans.factory.support.AbstractAutowireCapableBeanFactory.doCreateBean(AbstractAutowireCapableBeanFactory.java:562) ~[spring-beans-4.3.22.RELEASE.jar:4.3.22.RELEASE]
	at org.springframework.beans.factory.support.AbstractAutowireCapableBeanFactory.createBean(AbstractAutowireCapableBeanFactory.java:481) ~[spring-beans-4.3.22.RELEASE.jar:4.3.22.RELEASE]
	at org.springframework.beans.factory.support.AbstractBeanFactory$1.getObject(AbstractBeanFactory.java:312) ~[spring-beans-4.3.22.RELEASE.jar:4.3.22.RELEASE]
	at org.springframework.beans.factory.support.DefaultSingletonBeanRegistry.getSingleton(DefaultSingletonBeanRegistry.java:230) ~[spring-beans-4.3.22.RELEASE.jar:4.3.22.RELEASE]
	at org.springframework.beans.factory.support.AbstractBeanFactory.doGetBean(AbstractBeanFactory.java:308) ~[spring-beans-4.3.22.RELEASE.jar:4.3.22.RELEASE]
	at org.springframework.beans.factory.support.AbstractBeanFactory.getBean(AbstractBeanFactory.java:202) ~[spring-beans-4.3.22.RELEASE.jar:4.3.22.RELEASE]
	at org.springframework.context.support.PostProcessorRegistrationDelegate.registerBeanPostProcessors(PostProcessorRegistrationDelegate.java:237) ~[spring-context-4.3.22.RELEASE.jar:4.3.22.RELEASE]
	at org.springframework.context.support.AbstractApplicationContext.registerBeanPostProcessors(AbstractApplicationContext.java:703) ~[spring-context-4.3.22.RELEASE.jar:4.3.22.RELEASE]
	at org.springframework.context.support.AbstractApplicationContext.refresh(AbstractApplicationContext.java:528) ~[spring-context-4.3.22.RELEASE.jar:4.3.22.RELEASE]
	at org.springframework.boot.context.embedded.EmbeddedWebApplicationContext.refresh(EmbeddedWebApplicationContext.java:124) ~[spring-boot-1.5.19.RELEASE.jar:1.5.19.RELEASE]
	at org.springframework.boot.SpringApplication.refresh(SpringApplication.java:693) [spring-boot-1.5.19.RELEASE.jar:1.5.19.RELEASE]
	at org.springframework.boot.SpringApplication.refreshContext(SpringApplication.java:360) [spring-boot-1.5.19.RELEASE.jar:1.5.19.RELEASE]
	at org.springframework.boot.SpringApplication.run(SpringApplication.java:303) [spring-boot-1.5.19.RELEASE.jar:1.5.19.RELEASE]
	at org.springframework.boot.SpringApplication.run(SpringApplication.java:1118) [spring-boot-1.5.19.RELEASE.jar:1.5.19.RELEASE]
	at org.springframework.boot.SpringApplication.run(SpringApplication.java:1107) [spring-boot-1.5.19.RELEASE.jar:1.5.19.RELEASE]
	at com.example.xsdPro.XsdProApplication.main(XsdProApplication.java:16) [classes/:na]
	at sun.reflect.NativeMethodAccessorImpl.invoke0(Native Method) ~[na:1.8.0_131]
	at sun.reflect.NativeMethodAccessorImpl.invoke(NativeMethodAccessorImpl.java:62) ~[na:1.8.0_131]
	at sun.reflect.DelegatingMethodAccessorImpl.invoke(DelegatingMethodAccessorImpl.java:43) ~[na:1.8.0_131]
	at java.lang.reflect.Method.invoke(Method.java:498) ~[na:1.8.0_131]
	at org.springframework.boot.maven.AbstractRunMojo$LaunchRunner.run(AbstractRunMojo.java:528) [spring-boot-maven-plugin-1.5.19.RELEASE.jar:1.5.19.RELEASE]
	at java.lang.Thread.run(Thread.java:748) [na:1.8.0_131]
Caused by: org.springframework.beans.factory.UnsatisfiedDependencyException: Error creating bean with name 'org.springframework.cache.annotation.ProxyCachingConfiguration': Unsatisfied dependency expressed through method 'setConfigurers' parameter 0; nested exception is org.springframework.beans.factory.BeanCreationException: Error creating bean with name 'redisConfig': Injection of autowired dependencies failed; nested exception is java.lang.IllegalArgumentException: Could not resolve placeholder 'spring.redis.timeout' in value "${spring.redis.timeout}"
	at org.springframework.beans.factory.annotation.AutowiredAnnotationBeanPostProcessor$AutowiredMethodElement.inject(AutowiredAnnotationBeanPostProcessor.java:664) ~[spring-beans-4.3.22.RELEASE.jar:4.3.22.RELEASE]
	at org.springframework.beans.factory.annotation.InjectionMetadata.inject(InjectionMetadata.java:87) ~[spring-beans-4.3.22.RELEASE.jar:4.3.22.RELEASE]
	at org.springframework.beans.factory.annotation.AutowiredAnnotationBeanPostProcessor.postProcessPropertyValues(AutowiredAnnotationBeanPostProcessor.java:364) ~[spring-beans-4.3.22.RELEASE.jar:4.3.22.RELEASE]
	at org.springframework.beans.factory.support.AbstractAutowireCapableBeanFactory.populateBean(AbstractAutowireCapableBeanFactory.java:1269) ~[spring-beans-4.3.22.RELEASE.jar:4.3.22.RELEASE]
	at org.springframework.beans.factory.support.AbstractAutowireCapableBeanFactory.doCreateBean(AbstractAutowireCapableBeanFactory.java:551) ~[spring-beans-4.3.22.RELEASE.jar:4.3.22.RELEASE]
	at org.springframework.beans.factory.support.AbstractAutowireCapableBeanFactory.createBean(AbstractAutowireCapableBeanFactory.java:481) ~[spring-beans-4.3.22.RELEASE.jar:4.3.22.RELEASE]
	at org.springframework.beans.factory.support.AbstractBeanFactory$1.getObject(AbstractBeanFactory.java:312) ~[spring-beans-4.3.22.RELEASE.jar:4.3.22.RELEASE]
	at org.springframework.beans.factory.support.DefaultSingletonBeanRegistry.getSingleton(DefaultSingletonBeanRegistry.java:230) ~[spring-beans-4.3.22.RELEASE.jar:4.3.22.RELEASE]
	at org.springframework.beans.factory.support.AbstractBeanFactory.doGetBean(AbstractBeanFactory.java:308) ~[spring-beans-4.3.22.RELEASE.jar:4.3.22.RELEASE]
	at org.springframework.beans.factory.support.AbstractBeanFactory.getBean(AbstractBeanFactory.java:197) ~[spring-beans-4.3.22.RELEASE.jar:4.3.22.RELEASE]
	at org.springframework.beans.factory.support.ConstructorResolver.instantiateUsingFactoryMethod(ConstructorResolver.java:372) ~[spring-beans-4.3.22.RELEASE.jar:4.3.22.RELEASE]
	at org.springframework.beans.factory.support.AbstractAutowireCapableBeanFactory.instantiateUsingFactoryMethod(AbstractAutowireCapableBeanFactory.java:1178) ~[spring-beans-4.3.22.RELEASE.jar:4.3.22.RELEASE]
	at org.springframework.beans.factory.support.AbstractAutowireCapableBeanFactory.createBeanInstance(AbstractAutowireCapableBeanFactory.java:1072) ~[spring-beans-4.3.22.RELEASE.jar:4.3.22.RELEASE]
	at org.springframework.beans.factory.support.AbstractAutowireCapableBeanFactory.doCreateBean(AbstractAutowireCapableBeanFactory.java:511) ~[spring-beans-4.3.22.RELEASE.jar:4.3.22.RELEASE]
	at org.springframework.beans.factory.support.AbstractAutowireCapableBeanFactory.createBean(AbstractAutowireCapableBeanFactory.java:481) ~[spring-beans-4.3.22.RELEASE.jar:4.3.22.RELEASE]
	at org.springframework.beans.factory.support.AbstractBeanFactory$1.getObject(AbstractBeanFactory.java:312) ~[spring-beans-4.3.22.RELEASE.jar:4.3.22.RELEASE]
	at org.springframework.beans.factory.support.DefaultSingletonBeanRegistry.getSingleton(DefaultSingletonBeanRegistry.java:230) ~[spring-beans-4.3.22.RELEASE.jar:4.3.22.RELEASE]
	at org.springframework.beans.factory.support.AbstractBeanFactory.doGetBean(AbstractBeanFactory.java:308) ~[spring-beans-4.3.22.RELEASE.jar:4.3.22.RELEASE]
	at org.springframework.beans.factory.support.AbstractBeanFactory.getBean(AbstractBeanFactory.java:202) ~[spring-beans-4.3.22.RELEASE.jar:4.3.22.RELEASE]
	at org.springframework.aop.framework.autoproxy.BeanFactoryAdvisorRetrievalHelper.findAdvisorBeans(BeanFactoryAdvisorRetrievalHelper.java:89) ~[spring-aop-4.3.22.RELEASE.jar:4.3.22.RELEASE]
	at org.springframework.aop.framework.autoproxy.AbstractAdvisorAutoProxyCreator.findCandidateAdvisors(AbstractAdvisorAutoProxyCreator.java:102) ~[spring-aop-4.3.22.RELEASE.jar:4.3.22.RELEASE]
	at org.springframework.aop.framework.autoproxy.AbstractAdvisorAutoProxyCreator.findEligibleAdvisors(AbstractAdvisorAutoProxyCreator.java:88) ~[spring-aop-4.3.22.RELEASE.jar:4.3.22.RELEASE]
	at org.springframework.aop.framework.autoproxy.AbstractAdvisorAutoProxyCreator.getAdvicesAndAdvisorsForBean(AbstractAdvisorAutoProxyCreator.java:70) ~[spring-aop-4.3.22.RELEASE.jar:4.3.22.RELEASE]
	at org.springframework.aop.framework.autoproxy.AbstractAutoProxyCreator.wrapIfNecessary(AbstractAutoProxyCreator.java:346) ~[spring-aop-4.3.22.RELEASE.jar:4.3.22.RELEASE]
	at org.springframework.aop.framework.autoproxy.AbstractAutoProxyCreator.postProcessAfterInitialization(AbstractAutoProxyCreator.java:298) ~[spring-aop-4.3.22.RELEASE.jar:4.3.22.RELEASE]
	at org.springframework.beans.factory.support.AbstractAutowireCapableBeanFactory.applyBeanPostProcessorsAfterInitialization(AbstractAutowireCapableBeanFactory.java:421) ~[spring-beans-4.3.22.RELEASE.jar:4.3.22.RELEASE]
	at org.springframework.beans.factory.support.AbstractAutowireCapableBeanFactory.initializeBean(AbstractAutowireCapableBeanFactory.java:1635) ~[spring-beans-4.3.22.RELEASE.jar:4.3.22.RELEASE]
	at org.springframework.beans.factory.support.AbstractAutowireCapableBeanFactory.doCreateBean(AbstractAutowireCapableBeanFactory.java:553) ~[spring-beans-4.3.22.RELEASE.jar:4.3.22.RELEASE]
	... 21 common frames omitted
Caused by: org.springframework.beans.factory.BeanCreationException: Error creating bean with name 'redisConfig': Injection of autowired dependencies failed; nested exception is java.lang.IllegalArgumentException: Could not resolve placeholder 'spring.redis.timeout' in value "${spring.redis.timeout}"
	at org.springframework.beans.factory.annotation.AutowiredAnnotationBeanPostProcessor.postProcessPropertyValues(AutowiredAnnotationBeanPostProcessor.java:370) ~[spring-beans-4.3.22.RELEASE.jar:4.3.22.RELEASE]
	at org.springframework.beans.factory.support.AbstractAutowireCapableBeanFactory.populateBean(AbstractAutowireCapableBeanFactory.java:1269) ~[spring-beans-4.3.22.RELEASE.jar:4.3.22.RELEASE]
	at org.springframework.beans.factory.support.AbstractAutowireCapableBeanFactory.doCreateBean(AbstractAutowireCapableBeanFactory.java:551) ~[spring-beans-4.3.22.RELEASE.jar:4.3.22.RELEASE]
	at org.springframework.beans.factory.support.AbstractAutowireCapableBeanFactory.createBean(AbstractAutowireCapableBeanFactory.java:481) ~[spring-beans-4.3.22.RELEASE.jar:4.3.22.RELEASE]
	at org.springframework.beans.factory.support.AbstractBeanFactory$1.getObject(AbstractBeanFactory.java:312) ~[spring-beans-4.3.22.RELEASE.jar:4.3.22.RELEASE]
	at org.springframework.beans.factory.support.DefaultSingletonBeanRegistry.getSingleton(DefaultSingletonBeanRegistry.java:230) ~[spring-beans-4.3.22.RELEASE.jar:4.3.22.RELEASE]
	at org.springframework.beans.factory.support.AbstractBeanFactory.doGetBean(AbstractBeanFactory.java:308) ~[spring-beans-4.3.22.RELEASE.jar:4.3.22.RELEASE]
	at org.springframework.beans.factory.support.AbstractBeanFactory.getBean(AbstractBeanFactory.java:202) ~[spring-beans-4.3.22.RELEASE.jar:4.3.22.RELEASE]
	at org.springframework.beans.factory.config.DependencyDescriptor.resolveCandidate(DependencyDescriptor.java:208) ~[spring-beans-4.3.22.RELEASE.jar:4.3.22.RELEASE]
	at org.springframework.beans.factory.support.DefaultListableBeanFactory.addCandidateEntry(DefaultListableBeanFactory.java:1314) ~[spring-beans-4.3.22.RELEASE.jar:4.3.22.RELEASE]
	at org.springframework.beans.factory.support.DefaultListableBeanFactory.findAutowireCandidates(DefaultListableBeanFactory.java:1280) ~[spring-beans-4.3.22.RELEASE.jar:4.3.22.RELEASE]
	at org.springframework.beans.factory.support.DefaultListableBeanFactory.resolveMultipleBeans(DefaultListableBeanFactory.java:1178) ~[spring-beans-4.3.22.RELEASE.jar:4.3.22.RELEASE]
	at org.springframework.beans.factory.support.DefaultListableBeanFactory.doResolveDependency(DefaultListableBeanFactory.java:1094) ~[spring-beans-4.3.22.RELEASE.jar:4.3.22.RELEASE]
	at org.springframework.beans.factory.support.DefaultListableBeanFactory.resolveDependency(DefaultListableBeanFactory.java:1064) ~[spring-beans-4.3.22.RELEASE.jar:4.3.22.RELEASE]
	at org.springframework.beans.factory.annotation.AutowiredAnnotationBeanPostProcessor$AutowiredMethodElement.inject(AutowiredAnnotationBeanPostProcessor.java:656) ~[spring-beans-4.3.22.RELEASE.jar:4.3.22.RELEASE]
	... 48 common frames omitted
Caused by: java.lang.IllegalArgumentException: Could not resolve placeholder 'spring.redis.timeout' in value "${spring.redis.timeout}"
	at org.springframework.util.PropertyPlaceholderHelper.parseStringValue(PropertyPlaceholderHelper.java:174) ~[spring-core-4.3.22.RELEASE.jar:4.3.22.RELEASE]
	at org.springframework.util.PropertyPlaceholderHelper.replacePlaceholders(PropertyPlaceholderHelper.java:126) ~[spring-core-4.3.22.RELEASE.jar:4.3.22.RELEASE]
	at org.springframework.core.env.AbstractPropertyResolver.doResolvePlaceholders(AbstractPropertyResolver.java:236) ~[spring-core-4.3.22.RELEASE.jar:4.3.22.RELEASE]
	at org.springframework.core.env.AbstractPropertyResolver.resolveRequiredPlaceholders(AbstractPropertyResolver.java:210) ~[spring-core-4.3.22.RELEASE.jar:4.3.22.RELEASE]
	at org.springframework.context.support.PropertySourcesPlaceholderConfigurer$2.resolveStringValue(PropertySourcesPlaceholderConfigurer.java:172) ~[spring-context-4.3.22.RELEASE.jar:4.3.22.RELEASE]
	at org.springframework.beans.factory.support.AbstractBeanFactory.resolveEmbeddedValue(AbstractBeanFactory.java:846) ~[spring-beans-4.3.22.RELEASE.jar:4.3.22.RELEASE]
	at org.springframework.beans.factory.support.DefaultListableBeanFactory.doResolveDependency(DefaultListableBeanFactory.java:1084) ~[spring-beans-4.3.22.RELEASE.jar:4.3.22.RELEASE]
	at org.springframework.beans.factory.support.DefaultListableBeanFactory.resolveDependency(DefaultListableBeanFactory.java:1064) ~[spring-beans-4.3.22.RELEASE.jar:4.3.22.RELEASE]
	at org.springframework.beans.factory.annotation.AutowiredAnnotationBeanPostProcessor$AutowiredFieldElement.inject(AutowiredAnnotationBeanPostProcessor.java:583) ~[spring-beans-4.3.22.RELEASE.jar:4.3.22.RELEASE]
	at org.springframework.beans.factory.annotation.InjectionMetadata.inject(InjectionMetadata.java:87) ~[spring-beans-4.3.22.RELEASE.jar:4.3.22.RELEASE]
	at org.springframework.beans.factory.annotation.AutowiredAnnotationBeanPostProcessor.postProcessPropertyValues(AutowiredAnnotationBeanPostProcessor.java:364) ~[spring-beans-4.3.22.RELEASE.jar:4.3.22.RELEASE]
	... 62 common frames omitted

2019-03-28 14:48:37.772  INFO 8660 --- [main] com.example.xsdPro.XsdProApplication     : Starting XsdProApplication on USER-20181216GV with PID 8660 (D:\xsdPro\target\classes started by Administrator in D:\xsdPro)
2019-03-28 14:48:37.775  INFO 8660 --- [main] com.example.xsdPro.XsdProApplication     : No active profile set, falling back to default profiles: default
2019-03-28 14:48:38.076  INFO 8660 --- [main] ationConfigEmbeddedWebApplicationContext : Refreshing org.springframework.boot.context.embedded.AnnotationConfigEmbeddedWebApplicationContext@63d67acb: startup date [Thu Mar 28 14:48:38 CST 2019]; root of context hierarchy
2019-03-28 14:48:38.342  WARN 8660 --- [main] o.m.s.mapper.ClassPathMapperScanner      : No MyBatis mapper was found in '[com.demo.dao]' package. Please check your configuration.
2019-03-28 14:48:38.434  WARN 8660 --- [main] o.m.s.mapper.ClassPathMapperScanner      : No MyBatis mapper was found in '[com.example.xsdPro]' package. Please check your configuration.
2019-03-28 14:48:38.459  INFO 8660 --- [main] .s.d.r.c.RepositoryConfigurationDelegate : Multiple Spring Data modules found, entering strict repository configuration mode!
2019-03-28 14:48:38.713  INFO 8660 --- [main] f.a.AutowiredAnnotationBeanPostProcessor : JSR-330 'javax.inject.Inject' annotation found and supported for autowiring
2019-03-28 14:48:38.817  WARN 8660 --- [main] ationConfigEmbeddedWebApplicationContext : Exception encountered during context initialization - cancelling refresh attempt: org.springframework.beans.factory.BeanCreationException: Error creating bean with name 'projectingArgumentResolverBeanPostProcessor' defined in class path resource [org/springframework/data/web/config/ProjectingArgumentResolverRegistrar.class]: Initialization of bean failed; nested exception is org.springframework.beans.factory.UnsatisfiedDependencyException: Error creating bean with name 'org.springframework.cache.annotation.ProxyCachingConfiguration': Unsatisfied dependency expressed through method 'setConfigurers' parameter 0; nested exception is org.springframework.beans.factory.BeanCreationException: Error creating bean with name 'redisConfig': Injection of autowired dependencies failed; nested exception is java.lang.IllegalArgumentException: Could not resolve placeholder 'spring.redis.timeout' in value "${spring.redis.timeout}"
2019-03-28 14:48:38.822  INFO 8660 --- [main] utoConfigurationReportLoggingInitializer : 

Error starting ApplicationContext. To display the auto-configuration report re-run your application with 'debug' enabled.
2019-03-28 14:48:38.828 ERROR 8660 --- [main] o.s.boot.SpringApplication               : Application startup failed

org.springframework.beans.factory.BeanCreationException: Error creating bean with name 'projectingArgumentResolverBeanPostProcessor' defined in class path resource [org/springframework/data/web/config/ProjectingArgumentResolverRegistrar.class]: Initialization of bean failed; nested exception is org.springframework.beans.factory.UnsatisfiedDependencyException: Error creating bean with name 'org.springframework.cache.annotation.ProxyCachingConfiguration': Unsatisfied dependency expressed through method 'setConfigurers' parameter 0; nested exception is org.springframework.beans.factory.BeanCreationException: Error creating bean with name 'redisConfig': Injection of autowired dependencies failed; nested exception is java.lang.IllegalArgumentException: Could not resolve placeholder 'spring.redis.timeout' in value "${spring.redis.timeout}"
	at org.springframework.beans.factory.support.AbstractAutowireCapableBeanFactory.doCreateBean(AbstractAutowireCapableBeanFactory.java:562) ~[spring-beans-4.3.22.RELEASE.jar:4.3.22.RELEASE]
	at org.springframework.beans.factory.support.AbstractAutowireCapableBeanFactory.createBean(AbstractAutowireCapableBeanFactory.java:481) ~[spring-beans-4.3.22.RELEASE.jar:4.3.22.RELEASE]
	at org.springframework.beans.factory.support.AbstractBeanFactory$1.getObject(AbstractBeanFactory.java:312) ~[spring-beans-4.3.22.RELEASE.jar:4.3.22.RELEASE]
	at org.springframework.beans.factory.support.DefaultSingletonBeanRegistry.getSingleton(DefaultSingletonBeanRegistry.java:230) ~[spring-beans-4.3.22.RELEASE.jar:4.3.22.RELEASE]
	at org.springframework.beans.factory.support.AbstractBeanFactory.doGetBean(AbstractBeanFactory.java:308) ~[spring-beans-4.3.22.RELEASE.jar:4.3.22.RELEASE]
	at org.springframework.beans.factory.support.AbstractBeanFactory.getBean(AbstractBeanFactory.java:202) ~[spring-beans-4.3.22.RELEASE.jar:4.3.22.RELEASE]
	at org.springframework.context.support.PostProcessorRegistrationDelegate.registerBeanPostProcessors(PostProcessorRegistrationDelegate.java:237) ~[spring-context-4.3.22.RELEASE.jar:4.3.22.RELEASE]
	at org.springframework.context.support.AbstractApplicationContext.registerBeanPostProcessors(AbstractApplicationContext.java:703) ~[spring-context-4.3.22.RELEASE.jar:4.3.22.RELEASE]
	at org.springframework.context.support.AbstractApplicationContext.refresh(AbstractApplicationContext.java:528) ~[spring-context-4.3.22.RELEASE.jar:4.3.22.RELEASE]
	at org.springframework.boot.context.embedded.EmbeddedWebApplicationContext.refresh(EmbeddedWebApplicationContext.java:124) ~[spring-boot-1.5.19.RELEASE.jar:1.5.19.RELEASE]
	at org.springframework.boot.SpringApplication.refresh(SpringApplication.java:693) [spring-boot-1.5.19.RELEASE.jar:1.5.19.RELEASE]
	at org.springframework.boot.SpringApplication.refreshContext(SpringApplication.java:360) [spring-boot-1.5.19.RELEASE.jar:1.5.19.RELEASE]
	at org.springframework.boot.SpringApplication.run(SpringApplication.java:303) [spring-boot-1.5.19.RELEASE.jar:1.5.19.RELEASE]
	at org.springframework.boot.SpringApplication.run(SpringApplication.java:1118) [spring-boot-1.5.19.RELEASE.jar:1.5.19.RELEASE]
	at org.springframework.boot.SpringApplication.run(SpringApplication.java:1107) [spring-boot-1.5.19.RELEASE.jar:1.5.19.RELEASE]
	at com.example.xsdPro.XsdProApplication.main(XsdProApplication.java:16) [classes/:na]
	at sun.reflect.NativeMethodAccessorImpl.invoke0(Native Method) ~[na:1.8.0_131]
	at sun.reflect.NativeMethodAccessorImpl.invoke(NativeMethodAccessorImpl.java:62) ~[na:1.8.0_131]
	at sun.reflect.DelegatingMethodAccessorImpl.invoke(DelegatingMethodAccessorImpl.java:43) ~[na:1.8.0_131]
	at java.lang.reflect.Method.invoke(Method.java:498) ~[na:1.8.0_131]
	at org.springframework.boot.maven.AbstractRunMojo$LaunchRunner.run(AbstractRunMojo.java:528) [spring-boot-maven-plugin-1.5.19.RELEASE.jar:1.5.19.RELEASE]
	at java.lang.Thread.run(Thread.java:748) [na:1.8.0_131]
Caused by: org.springframework.beans.factory.UnsatisfiedDependencyException: Error creating bean with name 'org.springframework.cache.annotation.ProxyCachingConfiguration': Unsatisfied dependency expressed through method 'setConfigurers' parameter 0; nested exception is org.springframework.beans.factory.BeanCreationException: Error creating bean with name 'redisConfig': Injection of autowired dependencies failed; nested exception is java.lang.IllegalArgumentException: Could not resolve placeholder 'spring.redis.timeout' in value "${spring.redis.timeout}"
	at org.springframework.beans.factory.annotation.AutowiredAnnotationBeanPostProcessor$AutowiredMethodElement.inject(AutowiredAnnotationBeanPostProcessor.java:664) ~[spring-beans-4.3.22.RELEASE.jar:4.3.22.RELEASE]
	at org.springframework.beans.factory.annotation.InjectionMetadata.inject(InjectionMetadata.java:87) ~[spring-beans-4.3.22.RELEASE.jar:4.3.22.RELEASE]
	at org.springframework.beans.factory.annotation.AutowiredAnnotationBeanPostProcessor.postProcessPropertyValues(AutowiredAnnotationBeanPostProcessor.java:364) ~[spring-beans-4.3.22.RELEASE.jar:4.3.22.RELEASE]
	at org.springframework.beans.factory.support.AbstractAutowireCapableBeanFactory.populateBean(AbstractAutowireCapableBeanFactory.java:1269) ~[spring-beans-4.3.22.RELEASE.jar:4.3.22.RELEASE]
	at org.springframework.beans.factory.support.AbstractAutowireCapableBeanFactory.doCreateBean(AbstractAutowireCapableBeanFactory.java:551) ~[spring-beans-4.3.22.RELEASE.jar:4.3.22.RELEASE]
	at org.springframework.beans.factory.support.AbstractAutowireCapableBeanFactory.createBean(AbstractAutowireCapableBeanFactory.java:481) ~[spring-beans-4.3.22.RELEASE.jar:4.3.22.RELEASE]
	at org.springframework.beans.factory.support.AbstractBeanFactory$1.getObject(AbstractBeanFactory.java:312) ~[spring-beans-4.3.22.RELEASE.jar:4.3.22.RELEASE]
	at org.springframework.beans.factory.support.DefaultSingletonBeanRegistry.getSingleton(DefaultSingletonBeanRegistry.java:230) ~[spring-beans-4.3.22.RELEASE.jar:4.3.22.RELEASE]
	at org.springframework.beans.factory.support.AbstractBeanFactory.doGetBean(AbstractBeanFactory.java:308) ~[spring-beans-4.3.22.RELEASE.jar:4.3.22.RELEASE]
	at org.springframework.beans.factory.support.AbstractBeanFactory.getBean(AbstractBeanFactory.java:197) ~[spring-beans-4.3.22.RELEASE.jar:4.3.22.RELEASE]
	at org.springframework.beans.factory.support.ConstructorResolver.instantiateUsingFactoryMethod(ConstructorResolver.java:372) ~[spring-beans-4.3.22.RELEASE.jar:4.3.22.RELEASE]
	at org.springframework.beans.factory.support.AbstractAutowireCapableBeanFactory.instantiateUsingFactoryMethod(AbstractAutowireCapableBeanFactory.java:1178) ~[spring-beans-4.3.22.RELEASE.jar:4.3.22.RELEASE]
	at org.springframework.beans.factory.support.AbstractAutowireCapableBeanFactory.createBeanInstance(AbstractAutowireCapableBeanFactory.java:1072) ~[spring-beans-4.3.22.RELEASE.jar:4.3.22.RELEASE]
	at org.springframework.beans.factory.support.AbstractAutowireCapableBeanFactory.doCreateBean(AbstractAutowireCapableBeanFactory.java:511) ~[spring-beans-4.3.22.RELEASE.jar:4.3.22.RELEASE]
	at org.springframework.beans.factory.support.AbstractAutowireCapableBeanFactory.createBean(AbstractAutowireCapableBeanFactory.java:481) ~[spring-beans-4.3.22.RELEASE.jar:4.3.22.RELEASE]
	at org.springframework.beans.factory.support.AbstractBeanFactory$1.getObject(AbstractBeanFactory.java:312) ~[spring-beans-4.3.22.RELEASE.jar:4.3.22.RELEASE]
	at org.springframework.beans.factory.support.DefaultSingletonBeanRegistry.getSingleton(DefaultSingletonBeanRegistry.java:230) ~[spring-beans-4.3.22.RELEASE.jar:4.3.22.RELEASE]
	at org.springframework.beans.factory.support.AbstractBeanFactory.doGetBean(AbstractBeanFactory.java:308) ~[spring-beans-4.3.22.RELEASE.jar:4.3.22.RELEASE]
	at org.springframework.beans.factory.support.AbstractBeanFactory.getBean(AbstractBeanFactory.java:202) ~[spring-beans-4.3.22.RELEASE.jar:4.3.22.RELEASE]
	at org.springframework.aop.framework.autoproxy.BeanFactoryAdvisorRetrievalHelper.findAdvisorBeans(BeanFactoryAdvisorRetrievalHelper.java:89) ~[spring-aop-4.3.22.RELEASE.jar:4.3.22.RELEASE]
	at org.springframework.aop.framework.autoproxy.AbstractAdvisorAutoProxyCreator.findCandidateAdvisors(AbstractAdvisorAutoProxyCreator.java:102) ~[spring-aop-4.3.22.RELEASE.jar:4.3.22.RELEASE]
	at org.springframework.aop.framework.autoproxy.AbstractAdvisorAutoProxyCreator.findEligibleAdvisors(AbstractAdvisorAutoProxyCreator.java:88) ~[spring-aop-4.3.22.RELEASE.jar:4.3.22.RELEASE]
	at org.springframework.aop.framework.autoproxy.AbstractAdvisorAutoProxyCreator.getAdvicesAndAdvisorsForBean(AbstractAdvisorAutoProxyCreator.java:70) ~[spring-aop-4.3.22.RELEASE.jar:4.3.22.RELEASE]
	at org.springframework.aop.framework.autoproxy.AbstractAutoProxyCreator.wrapIfNecessary(AbstractAutoProxyCreator.java:346) ~[spring-aop-4.3.22.RELEASE.jar:4.3.22.RELEASE]
	at org.springframework.aop.framework.autoproxy.AbstractAutoProxyCreator.postProcessAfterInitialization(AbstractAutoProxyCreator.java:298) ~[spring-aop-4.3.22.RELEASE.jar:4.3.22.RELEASE]
	at org.springframework.beans.factory.support.AbstractAutowireCapableBeanFactory.applyBeanPostProcessorsAfterInitialization(AbstractAutowireCapableBeanFactory.java:421) ~[spring-beans-4.3.22.RELEASE.jar:4.3.22.RELEASE]
	at org.springframework.beans.factory.support.AbstractAutowireCapableBeanFactory.initializeBean(AbstractAutowireCapableBeanFactory.java:1635) ~[spring-beans-4.3.22.RELEASE.jar:4.3.22.RELEASE]
	at org.springframework.beans.factory.support.AbstractAutowireCapableBeanFactory.doCreateBean(AbstractAutowireCapableBeanFactory.java:553) ~[spring-beans-4.3.22.RELEASE.jar:4.3.22.RELEASE]
	... 21 common frames omitted
Caused by: org.springframework.beans.factory.BeanCreationException: Error creating bean with name 'redisConfig': Injection of autowired dependencies failed; nested exception is java.lang.IllegalArgumentException: Could not resolve placeholder 'spring.redis.timeout' in value "${spring.redis.timeout}"
	at org.springframework.beans.factory.annotation.AutowiredAnnotationBeanPostProcessor.postProcessPropertyValues(AutowiredAnnotationBeanPostProcessor.java:370) ~[spring-beans-4.3.22.RELEASE.jar:4.3.22.RELEASE]
	at org.springframework.beans.factory.support.AbstractAutowireCapableBeanFactory.populateBean(AbstractAutowireCapableBeanFactory.java:1269) ~[spring-beans-4.3.22.RELEASE.jar:4.3.22.RELEASE]
	at org.springframework.beans.factory.support.AbstractAutowireCapableBeanFactory.doCreateBean(AbstractAutowireCapableBeanFactory.java:551) ~[spring-beans-4.3.22.RELEASE.jar:4.3.22.RELEASE]
	at org.springframework.beans.factory.support.AbstractAutowireCapableBeanFactory.createBean(AbstractAutowireCapableBeanFactory.java:481) ~[spring-beans-4.3.22.RELEASE.jar:4.3.22.RELEASE]
	at org.springframework.beans.factory.support.AbstractBeanFactory$1.getObject(AbstractBeanFactory.java:312) ~[spring-beans-4.3.22.RELEASE.jar:4.3.22.RELEASE]
	at org.springframework.beans.factory.support.DefaultSingletonBeanRegistry.getSingleton(DefaultSingletonBeanRegistry.java:230) ~[spring-beans-4.3.22.RELEASE.jar:4.3.22.RELEASE]
	at org.springframework.beans.factory.support.AbstractBeanFactory.doGetBean(AbstractBeanFactory.java:308) ~[spring-beans-4.3.22.RELEASE.jar:4.3.22.RELEASE]
	at org.springframework.beans.factory.support.AbstractBeanFactory.getBean(AbstractBeanFactory.java:202) ~[spring-beans-4.3.22.RELEASE.jar:4.3.22.RELEASE]
	at org.springframework.beans.factory.config.DependencyDescriptor.resolveCandidate(DependencyDescriptor.java:208) ~[spring-beans-4.3.22.RELEASE.jar:4.3.22.RELEASE]
	at org.springframework.beans.factory.support.DefaultListableBeanFactory.addCandidateEntry(DefaultListableBeanFactory.java:1314) ~[spring-beans-4.3.22.RELEASE.jar:4.3.22.RELEASE]
	at org.springframework.beans.factory.support.DefaultListableBeanFactory.findAutowireCandidates(DefaultListableBeanFactory.java:1280) ~[spring-beans-4.3.22.RELEASE.jar:4.3.22.RELEASE]
	at org.springframework.beans.factory.support.DefaultListableBeanFactory.resolveMultipleBeans(DefaultListableBeanFactory.java:1178) ~[spring-beans-4.3.22.RELEASE.jar:4.3.22.RELEASE]
	at org.springframework.beans.factory.support.DefaultListableBeanFactory.doResolveDependency(DefaultListableBeanFactory.java:1094) ~[spring-beans-4.3.22.RELEASE.jar:4.3.22.RELEASE]
	at org.springframework.beans.factory.support.DefaultListableBeanFactory.resolveDependency(DefaultListableBeanFactory.java:1064) ~[spring-beans-4.3.22.RELEASE.jar:4.3.22.RELEASE]
	at org.springframework.beans.factory.annotation.AutowiredAnnotationBeanPostProcessor$AutowiredMethodElement.inject(AutowiredAnnotationBeanPostProcessor.java:656) ~[spring-beans-4.3.22.RELEASE.jar:4.3.22.RELEASE]
	... 48 common frames omitted
Caused by: java.lang.IllegalArgumentException: Could not resolve placeholder 'spring.redis.timeout' in value "${spring.redis.timeout}"
	at org.springframework.util.PropertyPlaceholderHelper.parseStringValue(PropertyPlaceholderHelper.java:174) ~[spring-core-4.3.22.RELEASE.jar:4.3.22.RELEASE]
	at org.springframework.util.PropertyPlaceholderHelper.replacePlaceholders(PropertyPlaceholderHelper.java:126) ~[spring-core-4.3.22.RELEASE.jar:4.3.22.RELEASE]
	at org.springframework.core.env.AbstractPropertyResolver.doResolvePlaceholders(AbstractPropertyResolver.java:236) ~[spring-core-4.3.22.RELEASE.jar:4.3.22.RELEASE]
	at org.springframework.core.env.AbstractPropertyResolver.resolveRequiredPlaceholders(AbstractPropertyResolver.java:210) ~[spring-core-4.3.22.RELEASE.jar:4.3.22.RELEASE]
	at org.springframework.context.support.PropertySourcesPlaceholderConfigurer$2.resolveStringValue(PropertySourcesPlaceholderConfigurer.java:172) ~[spring-context-4.3.22.RELEASE.jar:4.3.22.RELEASE]
	at org.springframework.beans.factory.support.AbstractBeanFactory.resolveEmbeddedValue(AbstractBeanFactory.java:846) ~[spring-beans-4.3.22.RELEASE.jar:4.3.22.RELEASE]
	at org.springframework.beans.factory.support.DefaultListableBeanFactory.doResolveDependency(DefaultListableBeanFactory.java:1084) ~[spring-beans-4.3.22.RELEASE.jar:4.3.22.RELEASE]
	at org.springframework.beans.factory.support.DefaultListableBeanFactory.resolveDependency(DefaultListableBeanFactory.java:1064) ~[spring-beans-4.3.22.RELEASE.jar:4.3.22.RELEASE]
	at org.springframework.beans.factory.annotation.AutowiredAnnotationBeanPostProcessor$AutowiredFieldElement.inject(AutowiredAnnotationBeanPostProcessor.java:583) ~[spring-beans-4.3.22.RELEASE.jar:4.3.22.RELEASE]
	at org.springframework.beans.factory.annotation.InjectionMetadata.inject(InjectionMetadata.java:87) ~[spring-beans-4.3.22.RELEASE.jar:4.3.22.RELEASE]
	at org.springframework.beans.factory.annotation.AutowiredAnnotationBeanPostProcessor.postProcessPropertyValues(AutowiredAnnotationBeanPostProcessor.java:364) ~[spring-beans-4.3.22.RELEASE.jar:4.3.22.RELEASE]
	... 62 common frames omitted

2019-03-28 14:50:19.420  INFO 10016 --- [main] com.example.xsdPro.XsdProApplication     : Starting XsdProApplication on USER-20181216GV with PID 10016 (D:\xsdPro\target\classes started by Administrator in D:\xsdPro)
2019-03-28 14:50:19.422  INFO 10016 --- [main] com.example.xsdPro.XsdProApplication     : No active profile set, falling back to default profiles: default
2019-03-28 14:50:19.654  INFO 10016 --- [main] ationConfigEmbeddedWebApplicationContext : Refreshing org.springframework.boot.context.embedded.AnnotationConfigEmbeddedWebApplicationContext@3d676a57: startup date [Thu Mar 28 14:50:19 CST 2019]; root of context hierarchy
2019-03-28 14:50:19.932  WARN 10016 --- [main] o.m.s.mapper.ClassPathMapperScanner      : No MyBatis mapper was found in '[com.demo.dao]' package. Please check your configuration.
2019-03-28 14:50:20.024  WARN 10016 --- [main] o.m.s.mapper.ClassPathMapperScanner      : No MyBatis mapper was found in '[com.example.xsdPro]' package. Please check your configuration.
2019-03-28 14:50:20.062  INFO 10016 --- [main] .s.d.r.c.RepositoryConfigurationDelegate : Multiple Spring Data modules found, entering strict repository configuration mode!
2019-03-28 14:50:20.293  INFO 10016 --- [main] f.a.AutowiredAnnotationBeanPostProcessor : JSR-330 'javax.inject.Inject' annotation found and supported for autowiring
2019-03-28 14:50:20.384  INFO 10016 --- [main] trationDelegate$BeanPostProcessorChecker : Bean 'org.springframework.transaction.annotation.ProxyTransactionManagementConfiguration' of type [org.springframework.transaction.annotation.ProxyTransactionManagementConfiguration$$EnhancerBySpringCGLIB$$b262e59f] is not eligible for getting processed by all BeanPostProcessors (for example: not eligible for auto-proxying)
2019-03-28 14:50:20.713  INFO 10016 --- [main] s.b.c.e.t.TomcatEmbeddedServletContainer : Tomcat initialized with port(s): 8080 (http)
2019-03-28 14:50:20.733  INFO 10016 --- [main] o.apache.catalina.core.StandardService   : Starting service [Tomcat]
2019-03-28 14:50:20.734  INFO 10016 --- [main] org.apache.catalina.core.StandardEngine  : Starting Servlet Engine: Apache Tomcat/8.5.37
2019-03-28 14:50:20.811  INFO 10016 --- [localhost-startStop-1] o.a.c.c.C.[Tomcat].[localhost].[/]       : Initializing Spring embedded WebApplicationContext
2019-03-28 14:50:20.812  INFO 10016 --- [localhost-startStop-1] o.s.web.context.ContextLoader            : Root WebApplicationContext: initialization completed in 1157 ms
2019-03-28 14:50:20.926  INFO 10016 --- [localhost-startStop-1] o.s.b.w.servlet.ServletRegistrationBean  : Mapping servlet: 'dispatcherServlet' to [/]
2019-03-28 14:50:20.929  INFO 10016 --- [localhost-startStop-1] o.s.b.w.servlet.FilterRegistrationBean   : Mapping filter: 'characterEncodingFilter' to: [/*]
2019-03-28 14:50:20.930  INFO 10016 --- [localhost-startStop-1] o.s.b.w.servlet.FilterRegistrationBean   : Mapping filter: 'hiddenHttpMethodFilter' to: [/*]
2019-03-28 14:50:20.930  INFO 10016 --- [localhost-startStop-1] o.s.b.w.servlet.FilterRegistrationBean   : Mapping filter: 'httpPutFormContentFilter' to: [/*]
2019-03-28 14:50:20.930  INFO 10016 --- [localhost-startStop-1] o.s.b.w.servlet.FilterRegistrationBean   : Mapping filter: 'requestContextFilter' to: [/*]
2019-03-28 14:50:21.197  INFO 10016 --- [main] s.w.s.m.m.a.RequestMappingHandlerAdapter : Looking for @ControllerAdvice: org.springframework.boot.context.embedded.AnnotationConfigEmbeddedWebApplicationContext@3d676a57: startup date [Thu Mar 28 14:50:19 CST 2019]; root of context hierarchy
2019-03-28 14:50:21.254  INFO 10016 --- [main] s.w.s.m.m.a.RequestMappingHandlerMapping : Mapped "{[/error]}" onto public org.springframework.http.ResponseEntity<java.util.Map<java.lang.String, java.lang.Object>> org.springframework.boot.autoconfigure.web.BasicErrorController.error(javax.servlet.http.HttpServletRequest)
2019-03-28 14:50:21.255  INFO 10016 --- [main] s.w.s.m.m.a.RequestMappingHandlerMapping : Mapped "{[/error],produces=[text/html]}" onto public org.springframework.web.servlet.ModelAndView org.springframework.boot.autoconfigure.web.BasicErrorController.errorHtml(javax.servlet.http.HttpServletRequest,javax.servlet.http.HttpServletResponse)
2019-03-28 14:50:21.277  INFO 10016 --- [main] o.s.w.s.handler.SimpleUrlHandlerMapping  : Mapped URL path [/webjars/**] onto handler of type [class org.springframework.web.servlet.resource.ResourceHttpRequestHandler]
2019-03-28 14:50:21.277  INFO 10016 --- [main] o.s.w.s.handler.SimpleUrlHandlerMapping  : Mapped URL path [/**] onto handler of type [class org.springframework.web.servlet.resource.ResourceHttpRequestHandler]
2019-03-28 14:50:21.319  INFO 10016 --- [main] o.s.w.s.handler.SimpleUrlHandlerMapping  : Mapped URL path [/**/favicon.ico] onto handler of type [class org.springframework.web.servlet.resource.ResourceHttpRequestHandler]
2019-03-28 14:50:21.343  WARN 10016 --- [main] .t.AbstractTemplateResolverConfiguration : Cannot find template location: classpath:/templates/ (please add some templates or check your Thymeleaf configuration)
2019-03-28 14:50:22.247  INFO 10016 --- [main] o.s.j.e.a.AnnotationMBeanExporter        : Registering beans for JMX exposure on startup
2019-03-28 14:50:22.277  INFO 10016 --- [main] s.b.c.e.t.TomcatEmbeddedServletContainer : Tomcat started on port(s): 8080 (http)
2019-03-28 14:50:22.280  INFO 10016 --- [main] com.example.xsdPro.XsdProApplication     : Started XsdProApplication in 3.212 seconds (JVM running for 6.773)
